<?xml version="1.0" encoding="UTF-8"?>
<testng-results ignored="0" total="1" passed="1" failed="0" skipped="0">
  <reporter-output>
  </reporter-output>
  <suite started-at="2020-02-23T17:48:28Z" name="Suite" finished-at="2020-02-23T17:48:43Z" duration-ms="15003">
    <groups>
    </groups>
    <test started-at="2020-02-23T17:48:28Z" name="Test" finished-at="2020-02-23T17:48:43Z" duration-ms="15003">
      <class name="com.GmailtestCases.FacebookTestCase">
        <test-method is-config="true" signature="beforeMethod(java.lang.reflect.Method, org.testng.ITestContext)[pri:0, instance:com.GmailtestCases.FacebookTestCase@6db9f5a4]" started-at="2020-02-23T17:48:28Z" name="beforeMethod" finished-at="2020-02-23T17:48:38Z" duration-ms="9690" status="PASS">
          <params>
            <param index="0">
              <value>
                <![CDATA[public void com.GmailtestCases.FacebookTestCase.facebookTC1()]]>
              </value>
            </param>
            <param index="1">
              <value>
                <![CDATA[org.testng.TestRunner@7e7be63f]]>
              </value>
            </param>
          </params>
          <reporter-output>
          </reporter-output>
        </test-method> <!-- beforeMethod -->
        <test-method signature="facebookTC1()[pri:0, instance:com.GmailtestCases.FacebookTestCase@6db9f5a4]" started-at="2020-02-23T17:48:38Z" name="facebookTC1" finished-at="2020-02-23T17:48:43Z" duration-ms="5280" status="PASS">
          <reporter-output>
          </reporter-output>
        </test-method> <!-- facebookTC1 -->
        <test-method is-config="true" signature="afterMethod(java.lang.reflect.Method, org.testng.ITestContext)[pri:0, instance:com.GmailtestCases.FacebookTestCase@6db9f5a4]" started-at="2020-02-23T17:48:43Z" name="afterMethod" finished-at="2020-02-23T17:48:43Z" duration-ms="2" status="PASS">
          <params>
            <param index="0">
              <value>
                <![CDATA[public void com.GmailtestCases.FacebookTestCase.facebookTC1()]]>
              </value>
            </param>
            <param index="1">
              <value>
                <![CDATA[org.testng.TestRunner@7e7be63f]]>
              </value>
            </param>
          </params>
          <reporter-output>
          </reporter-output>
        </test-method> <!-- afterMethod -->
      </class> <!-- com.GmailtestCases.FacebookTestCase -->
    </test> <!-- Test -->
  </suite> <!-- Suite -->
</testng-results>
