<?xml version="1.0" encoding="UTF-8"?>
<testsuite xmlns:xsi="http://www.w3.org/2001/XMLSchema-instance" xsi:noNamespaceSchemaLocation="https://maven.apache.org/surefire/maven-surefire-plugin/xsd/surefire-test-report-3.0.xsd" version="3.0" name="TestSuite" time="19.047" tests="2" errors="0" skipped="0" failures="1">
  <properties>
[...]
</properties>
  <testcase name="gmailTc1" classname="com.testCases.GmailTestcase" time="2.348">
    <failure message="no such element: Unable to locate element: {&quot;method&quot;:&quot;xpath&quot;,&quot;selector&quot;:&quot;//a[@title=&apos;Sent Mail&apos;]&quot;}&#10;  (Session info: chrome=80.0.3987.122)&#10;For documentation on this error, please visit: http://seleniumhq.org/exceptions/no_such_element.html&#10;Build info: version: &apos;3.141.0&apos;, revision: &apos;2ecb7d9a&apos;, time: &apos;2018-10-31T20:09:30&apos;&#10;System info: host: &apos;DESKTOP-PT7ORMM&apos;, ip: &apos;192.168.2.9&apos;, os.name: &apos;Windows 10&apos;, os.arch: &apos;amd64&apos;, os.version: &apos;10.0&apos;, java.version: &apos;11.0.2&apos;&#10;Driver info: org.openqa.selenium.chrome.ChromeDriver&#10;Capabilities {acceptInsecureCerts: false, browserName: chrome, browserVersion: 80.0.3987.122, chrome: {chromedriverVersion: 79.0.3945.36 (3582db32b3389..., userDataDir: C:\Users\User\AppData\Local...}, goog:chromeOptions: {debuggerAddress: localhost:51037}, javascriptEnabled: true, networkConnectionEnabled: false, pageLoadStrategy: normal, platform: WINDOWS, platformName: WINDOWS, proxy: Proxy(), setWindowRect: true, strictFileInteractability: false, timeouts: {implicit: 0, pageLoad: 300000, script: 30000}, unhandledPromptBehavior: dismiss and notify}&#10;Session ID: 5a29700a2996005d5a7f21d11da48d52&#10;*** Element info: {Using=xpath, value=//a[@title=&apos;Sent Mail&apos;]}" type="org.openqa.selenium.NoSuchElementException">org.openqa.selenium.NoSuchElementException: 
no such element: Unable to locate element: {"method":"xpath","selector":"//a[@title='Sent Mail']"}
  (Session info: chrome=80.0.3987.122)
For documentation on this error, please visit: http://seleniumhq.org/exceptions/no_such_element.html
Build info: version: '3.141.0', revision: '2ecb7d9a', time: '2018-10-31T20:09:30'
System info: host: 'DESKTOP-PT7ORMM', ip: '192.168.2.9', os.name: 'Windows 10', os.arch: 'amd64', os.version: '10.0', java.version: '11.0.2'
Driver info: org.openqa.selenium.chrome.ChromeDriver
Capabilities {acceptInsecureCerts: false, browserName: chrome, browserVersion: 80.0.3987.122, chrome: {chromedriverVersion: 79.0.3945.36 (3582db32b3389..., userDataDir: C:\Users\User\AppData\Local...}, goog:chromeOptions: {debuggerAddress: localhost:51037}, javascriptEnabled: true, networkConnectionEnabled: false, pageLoadStrategy: normal, platform: WINDOWS, platformName: WINDOWS, proxy: Proxy(), setWindowRect: true, strictFileInteractability: false, timeouts: {implicit: 0, pageLoad: 300000, script: 30000}, unhandledPromptBehavior: dismiss and notify}
Session ID: 5a29700a2996005d5a7f21d11da48d52
*** Element info: {Using=xpath, value=//a[@title='Sent Mail']}
	at com.testCases.GmailTestcase.gmailTc1(GmailTestcase.java:39)
</failure>
    <system-out><![CDATA[gmailTc1
facebookTC1
Element is displayed
Element is displayed
Element is not displayed
Element is displayed
]]></system-out>
    <system-err><![CDATA[Starting ChromeDriver 79.0.3945.36 (3582db32b33893869b8c1339e8f4d9ed1816f143-refs/branch-heads/3945@{#614}) on port 39546
Only local connections are allowed.
PleSatsaerti ng pCrhroomteeDricvte rp o7r9t.s0 .u3s9e4d5 .b3y6  C(h3r5o8meDr2idvbe3r an2db 3r3e8l9ated t3e8s6t9 frameworks to bprevent access by malicious c8ocd1e.
339e8f4d9ed1816f143-refs/branch-heads/3945@{#614}) on port 30226
Only local connections are allowed.
Please protect ports used by ChromeDriver and related test frameworks to prevent access by malicious code.
[1582740740.583][WARNING]: This version of ChromeDriver has not been tested with Chrome version 80.
[1582740742.247][WARNING]: This version of ChromeDriver has not been tested with Chrome version 80.
[1582740742.590][WARNING]: Timed out connecting to Chrome, retrying...
[1582740744.251][WARNING]: Timed out connecting to Chrome, retrying...
Feb 26, 2020 11:42:24 PM org.openqa.selenium.remote.ProtocolHandshake createSession
INFO: Detected dialect: W3C
Feb 26, 2020 11:42:26 PM org.openqa.selenium.remote.ProtocolHandshake createSession
INFO: Detected dialect: W3C
[1582740746.669][WARNING]: Timed out connecting to Chrome, retrying...
[1582740748.275][WARNING]: Timed out connecting to Chrome, retrying...
]]></system-err>
  </testcase>
  <testcase name="facebookTC1" classname="com.testCases.FacebookTestCase" time="5.942"/>
</testsuite>